<?xml version="1.0" encoding="UTF-8"?>
<testng-results ignored="0" total="1" passed="1" failed="0" skipped="0">
  <reporter-output>
    <line>
      <![CDATA[---DataBase connection Estabhlished]]>
    </line>
    <line>
      <![CDATA[LOGGED IN SUCCESSFULLY]]>
    </line>
    <line>
      <![CDATA[Logged out Succwssfully]]>
    </line>
    <line>
      <![CDATA[Browser got closed Successfully]]>
    </line>
    <line>
      <![CDATA[DataBase Connection Disconnected]]>
    </line>
  </reporter-output>
  <suite started-at="2025-04-05T10:45:01 IST" name="Default suite" finished-at="2025-04-05T10:45:13 IST" duration-ms="11552">
    <groups>
      <group name="Regression">
        <method signature="ToCreateOrganizationTest.toCreateOrganization_002()[pri:0, instance:ToCreateOrganization.ToCreateOrganizationTest@2794eab6]" name="toCreateOrganization_002" class="ToCreateOrganization.ToCreateOrganizationTest"/>
      </group> <!-- Regression -->
    </groups>
    <test started-at="2025-04-05T10:45:01 IST" name="Default test" finished-at="2025-04-05T10:45:13 IST" duration-ms="11552">
      <class name="ToCreateOrganization.ToCreateOrganizationTest">
        <test-method is-config="true" signature="beforeSuiteConfiguration()[pri:0, instance:ToCreateOrganization.ToCreateOrganizationTest@2794eab6]" started-at="2025-04-05T10:45:01 IST" name="beforeSuiteConfiguration" finished-at="2025-04-05T10:45:01 IST" duration-ms="5" status="PASS">
          <reporter-output>
            <line>
              <![CDATA[---DataBase connection Estabhlished]]>
            </line>
          </reporter-output>
        </test-method> <!-- beforeSuiteConfiguration -->
        <test-method is-config="true" signature="beforeClassConfiguration()[pri:0, instance:ToCreateOrganization.ToCreateOrganizationTest@2794eab6]" started-at="2025-04-05T10:45:01 IST" name="beforeClassConfiguration" finished-at="2025-04-05T10:45:04 IST" duration-ms="2507" status="PASS">
          <reporter-output>
          </reporter-output>
        </test-method> <!-- beforeClassConfiguration -->
        <test-method is-config="true" signature="beforeMethodConfiguration()[pri:0, instance:ToCreateOrganization.ToCreateOrganizationTest@2794eab6]" started-at="2025-04-05T10:45:04 IST" name="beforeMethodConfiguration" finished-at="2025-04-05T10:45:05 IST" duration-ms="1669" status="PASS">
          <reporter-output>
            <line>
              <![CDATA[LOGGED IN SUCCESSFULLY]]>
            </line>
          </reporter-output>
        </test-method> <!-- beforeMethodConfiguration -->
        <test-method signature="toCreateOrganization_002()[pri:0, instance:ToCreateOrganization.ToCreateOrganizationTest@2794eab6]" started-at="2025-04-05T10:45:05 IST" name="toCreateOrganization_002" finished-at="2025-04-05T10:45:11 IST" duration-ms="6253" status="PASS">
          <reporter-output>
          </reporter-output>
        </test-method> <!-- toCreateOrganization_002 -->
        <test-method is-config="true" signature="afterMethodCofiguation()[pri:0, instance:ToCreateOrganization.ToCreateOrganizationTest@2794eab6]" started-at="2025-04-05T10:45:11 IST" name="afterMethodCofiguation" finished-at="2025-04-05T10:45:12 IST" duration-ms="910" status="PASS">
          <reporter-output>
            <line>
              <![CDATA[Logged out Succwssfully]]>
            </line>
          </reporter-output>
        </test-method> <!-- afterMethodCofiguation -->
        <test-method is-config="true" signature="afterClassConfiguration()[pri:0, instance:ToCreateOrganization.ToCreateOrganizationTest@2794eab6]" started-at="2025-04-05T10:45:12 IST" name="afterClassConfiguration" finished-at="2025-04-05T10:45:13 IST" duration-ms="190" status="PASS">
          <reporter-output>
            <line>
              <![CDATA[Browser got closed Successfully]]>
            </line>
          </reporter-output>
        </test-method> <!-- afterClassConfiguration -->
        <test-method is-config="true" signature="afterSuiteConfiguration()[pri:0, instance:ToCreateOrganization.ToCreateOrganizationTest@2794eab6]" started-at="2025-04-05T10:45:13 IST" name="afterSuiteConfiguration" finished-at="2025-04-05T10:45:13 IST" duration-ms="0" status="PASS">
          <reporter-output>
            <line>
              <![CDATA[DataBase Connection Disconnected]]>
            </line>
          </reporter-output>
        </test-method> <!-- afterSuiteConfiguration -->
      </class> <!-- ToCreateOrganization.ToCreateOrganizationTest -->
    </test> <!-- Default test -->
  </suite> <!-- Default suite -->
</testng-results>
