<?xml version="1.0" encoding="UTF-8"?>
<testng-results ignored="8" total="13" passed="4" failed="1" skipped="0">
  <reporter-output>
    <line>
      <![CDATA[---DataBase connection Estabhlished]]>
    </line>
    <line>
      <![CDATA[LOGGED IN SUCCESSFULLY]]>
    </line>
    <line>
      <![CDATA[Logged out Succwssfully]]>
    </line>
    <line>
      <![CDATA[Browser got closed Successfully]]>
    </line>
    <line>
      <![CDATA[LOGGED IN SUCCESSFULLY]]>
    </line>
    <line>
      <![CDATA[Logged out Succwssfully]]>
    </line>
    <line>
      <![CDATA[Browser got closed Successfully]]>
    </line>
    <line>
      <![CDATA[LOGGED IN SUCCESSFULLY]]>
    </line>
    <line>
      <![CDATA[Logged out Succwssfully]]>
    </line>
    <line>
      <![CDATA[Browser got closed Successfully]]>
    </line>
    <line>
      <![CDATA[LOGGED IN SUCCESSFULLY]]>
    </line>
    <line>
      <![CDATA[Logged out Succwssfully]]>
    </line>
    <line>
      <![CDATA[Browser got closed Successfully]]>
    </line>
    <line>
      <![CDATA[LOGGED IN SUCCESSFULLY]]>
    </line>
    <line>
      <![CDATA[Logged out Succwssfully]]>
    </line>
    <line>
      <![CDATA[Browser got closed Successfully]]>
    </line>
    <line>
      <![CDATA[DataBase Connection Disconnected]]>
    </line>
  </reporter-output>
  <suite started-at="2025-04-03T10:35:48 IST" name="Suite" finished-at="2025-04-03T10:37:25 IST" duration-ms="97774">
    <groups>
      <group name="somke">
        <method signature="ToCreateContactOrganizationToOrganizationTest.ToCreateContactOrganizationToOrganization_05()[pri:0, instance:ToCreateContact.ToCreateContactOrganizationToOrganizationTest@d86a6f]" name="ToCreateContactOrganizationToOrganization_05" class="ToCreateContact.ToCreateContactOrganizationToOrganizationTest"/>
        <method signature="ToCreateContactTest.toCreateContact_001()[pri:0, instance:ToCreateContact.ToCreateContactTest@2892d68]" name="toCreateContact_001" class="ToCreateContact.ToCreateContactTest"/>
      </group> <!-- somke -->
      <group name="Regression">
        <method signature="ToCreateOrganizationChemicalIndustryDropDownTest.ToCreateOrganizationChemicalIndustryDropDown_003()[pri:0, instance:ToCreateOrganization.ToCreateOrganizationChemicalIndustryDropDownTest@3646a422]" name="ToCreateOrganizationChemicalIndustryDropDown_003" class="ToCreateOrganization.ToCreateOrganizationChemicalIndustryDropDownTest"/>
        <method signature="ToCreateOrganizationCustomerDropdownTest.ToCreateOrganizationCustomerDropdown_04()[pri:0, instance:ToCreateOrganization.ToCreateOrganizationCustomerDropdownTest@1e6a3214]" name="ToCreateOrganizationCustomerDropdown_04" class="ToCreateOrganization.ToCreateOrganizationCustomerDropdownTest"/>
        <method signature="ToCreateOrganizationTest.toCreateOrganization_002()[pri:0, instance:ToCreateOrganization.ToCreateOrganizationTest@5ab956d7]" name="toCreateOrganization_002" class="ToCreateOrganization.ToCreateOrganizationTest"/>
      </group> <!-- Regression -->
    </groups>
    <test started-at="2025-04-03T10:35:48 IST" name="Test" finished-at="2025-04-03T10:37:25 IST" duration-ms="97774">
      <class name="ToCreateContact.ToCreateContactTest">
        <test-method is-config="true" signature="beforeClassConfiguration()[pri:0, instance:ToCreateContact.ToCreateContactTest@2892d68]" started-at="2025-04-03T10:36:30 IST" name="beforeClassConfiguration" finished-at="2025-04-03T10:36:32 IST" duration-ms="2364" status="PASS">
          <reporter-output>
          </reporter-output>
        </test-method> <!-- beforeClassConfiguration -->
        <test-method is-config="true" signature="beforeMethodConfiguration()[pri:0, instance:ToCreateContact.ToCreateContactTest@2892d68]" started-at="2025-04-03T10:36:32 IST" name="beforeMethodConfiguration" finished-at="2025-04-03T10:36:32 IST" duration-ms="270" status="PASS">
          <reporter-output>
            <line>
              <![CDATA[LOGGED IN SUCCESSFULLY]]>
            </line>
          </reporter-output>
        </test-method> <!-- beforeMethodConfiguration -->
        <test-method signature="toCreateContact_001()[pri:0, instance:ToCreateContact.ToCreateContactTest@2892d68]" started-at="2025-04-03T10:36:32 IST" name="toCreateContact_001" finished-at="2025-04-03T10:36:46 IST" duration-ms="13417" status="FAIL">
          <exception class="java.lang.AssertionError">
            <message>
              <![CDATA[null]]>
            </message>
            <full-stacktrace>
              <![CDATA[java.lang.AssertionError: null
at org.testng.Assert.fail(Assert.java:99)
at org.testng.Assert.fail(Assert.java:106)
at ToCreateContact.ToCreateContactTest.toCreateContact_001(ToCreateContactTest.java:33)
at java.base/jdk.internal.reflect.NativeMethodAccessorImpl.invoke0(Native Method)
at java.base/jdk.internal.reflect.NativeMethodAccessorImpl.invoke(NativeMethodAccessorImpl.java:77)
at java.base/jdk.internal.reflect.DelegatingMethodAccessorImpl.invoke(DelegatingMethodAccessorImpl.java:43)
at java.base/java.lang.reflect.Method.invoke(Method.java:568)
at org.testng.internal.MethodInvocationHelper.invokeMethod(MethodInvocationHelper.java:133)
at org.testng.internal.TestInvoker.invokeMethod(TestInvoker.java:598)
at org.testng.internal.TestInvoker.invokeTestMethod(TestInvoker.java:173)
at org.testng.internal.MethodRunner.runInSequence(MethodRunner.java:46)
at org.testng.internal.TestInvoker$MethodInvocationAgent.invoke(TestInvoker.java:824)
at org.testng.internal.TestInvoker.invokeTestMethods(TestInvoker.java:146)
at org.testng.internal.TestMethodWorker.invokeTestMethods(TestMethodWorker.java:146)
at org.testng.internal.TestMethodWorker.run(TestMethodWorker.java:128)
at java.base/java.util.ArrayList.forEach(ArrayList.java:1511)
at org.testng.TestRunner.privateRun(TestRunner.java:794)
at org.testng.TestRunner.run(TestRunner.java:596)
at org.testng.SuiteRunner.runTest(SuiteRunner.java:377)
at org.testng.SuiteRunner.runSequentially(SuiteRunner.java:371)
at org.testng.SuiteRunner.privateRun(SuiteRunner.java:332)
at org.testng.SuiteRunner.run(SuiteRunner.java:276)
at org.testng.SuiteRunnerWorker.runSuite(SuiteRunnerWorker.java:53)
at org.testng.SuiteRunnerWorker.run(SuiteRunnerWorker.java:96)
at org.testng.TestNG.runSuitesSequentially(TestNG.java:1212)
at org.testng.TestNG.runSuitesLocally(TestNG.java:1134)
at org.testng.TestNG.runSuites(TestNG.java:1063)
at org.testng.TestNG.run(TestNG.java:1031)
at org.testng.remote.AbstractRemoteTestNG.run(AbstractRemoteTestNG.java:115)
at org.testng.remote.RemoteTestNG.initAndRun(RemoteTestNG.java:293)
at org.testng.remote.RemoteTestNG.main(RemoteTestNG.java:91)
]]>
            </full-stacktrace>
          </exception> <!-- java.lang.AssertionError -->
          <reporter-output>
          </reporter-output>
        </test-method> <!-- toCreateContact_001 -->
        <test-method is-config="true" signature="afterMethodCofiguation()[pri:0, instance:ToCreateContact.ToCreateContactTest@2892d68]" started-at="2025-04-03T10:36:46 IST" name="afterMethodCofiguation" finished-at="2025-04-03T10:36:47 IST" duration-ms="1487" status="PASS">
          <reporter-output>
            <line>
              <![CDATA[Logged out Succwssfully]]>
            </line>
          </reporter-output>
        </test-method> <!-- afterMethodCofiguation -->
        <test-method is-config="true" signature="afterClassConfiguration()[pri:0, instance:ToCreateContact.ToCreateContactTest@2892d68]" started-at="2025-04-03T10:36:47 IST" name="afterClassConfiguration" finished-at="2025-04-03T10:36:48 IST" duration-ms="285" status="PASS">
          <reporter-output>
            <line>
              <![CDATA[Browser got closed Successfully]]>
            </line>
          </reporter-output>
        </test-method> <!-- afterClassConfiguration -->
      </class> <!-- ToCreateContact.ToCreateContactTest -->
      <class name="ToCreateContact.ToCreateContactOrganizationToOrganizationTest">
        <test-method is-config="true" signature="beforeClassConfiguration()[pri:0, instance:ToCreateContact.ToCreateContactOrganizationToOrganizationTest@d86a6f]" started-at="2025-04-03T10:36:08 IST" name="beforeClassConfiguration" finished-at="2025-04-03T10:36:11 IST" duration-ms="2893" status="PASS">
          <reporter-output>
          </reporter-output>
        </test-method> <!-- beforeClassConfiguration -->
        <test-method is-config="true" signature="beforeMethodConfiguration()[pri:0, instance:ToCreateContact.ToCreateContactOrganizationToOrganizationTest@d86a6f]" started-at="2025-04-03T10:36:11 IST" name="beforeMethodConfiguration" finished-at="2025-04-03T10:36:11 IST" duration-ms="309" status="PASS">
          <reporter-output>
            <line>
              <![CDATA[LOGGED IN SUCCESSFULLY]]>
            </line>
          </reporter-output>
        </test-method> <!-- beforeMethodConfiguration -->
        <test-method signature="ToCreateContactOrganizationToOrganization_05()[pri:0, instance:ToCreateContact.ToCreateContactOrganizationToOrganizationTest@d86a6f]" started-at="2025-04-03T10:36:11 IST" name="ToCreateContactOrganizationToOrganization_05" finished-at="2025-04-03T10:36:28 IST" duration-ms="16716" status="PASS">
          <reporter-output>
          </reporter-output>
        </test-method> <!-- ToCreateContactOrganizationToOrganization_05 -->
        <test-method is-config="true" signature="afterMethodCofiguation()[pri:0, instance:ToCreateContact.ToCreateContactOrganizationToOrganizationTest@d86a6f]" started-at="2025-04-03T10:36:28 IST" name="afterMethodCofiguation" finished-at="2025-04-03T10:36:29 IST" duration-ms="1533" status="PASS">
          <reporter-output>
            <line>
              <![CDATA[Logged out Succwssfully]]>
            </line>
          </reporter-output>
        </test-method> <!-- afterMethodCofiguation -->
        <test-method is-config="true" signature="afterClassConfiguration()[pri:0, instance:ToCreateContact.ToCreateContactOrganizationToOrganizationTest@d86a6f]" started-at="2025-04-03T10:36:29 IST" name="afterClassConfiguration" finished-at="2025-04-03T10:36:30 IST" duration-ms="261" status="PASS">
          <reporter-output>
            <line>
              <![CDATA[Browser got closed Successfully]]>
            </line>
          </reporter-output>
        </test-method> <!-- afterClassConfiguration -->
      </class> <!-- ToCreateContact.ToCreateContactOrganizationToOrganizationTest -->
      <class name="ToCreateOrganization.ToCreateOrganizationTest">
        <test-method is-config="true" signature="beforeClassConfiguration()[pri:0, instance:ToCreateOrganization.ToCreateOrganizationTest@5ab956d7]" started-at="2025-04-03T10:36:48 IST" name="beforeClassConfiguration" finished-at="2025-04-03T10:36:51 IST" duration-ms="2941" status="PASS">
          <reporter-output>
          </reporter-output>
        </test-method> <!-- beforeClassConfiguration -->
        <test-method is-config="true" signature="beforeMethodConfiguration()[pri:0, instance:ToCreateOrganization.ToCreateOrganizationTest@5ab956d7]" started-at="2025-04-03T10:36:51 IST" name="beforeMethodConfiguration" finished-at="2025-04-03T10:36:51 IST" duration-ms="275" status="PASS">
          <reporter-output>
            <line>
              <![CDATA[LOGGED IN SUCCESSFULLY]]>
            </line>
          </reporter-output>
        </test-method> <!-- beforeMethodConfiguration -->
        <test-method signature="toCreateOrganization_002()[pri:0, instance:ToCreateOrganization.ToCreateOrganizationTest@5ab956d7]" started-at="2025-04-03T10:36:51 IST" name="toCreateOrganization_002" finished-at="2025-04-03T10:37:04 IST" duration-ms="13496" status="PASS">
          <reporter-output>
          </reporter-output>
        </test-method> <!-- toCreateOrganization_002 -->
        <test-method is-config="true" signature="afterMethodCofiguation()[pri:0, instance:ToCreateOrganization.ToCreateOrganizationTest@5ab956d7]" started-at="2025-04-03T10:37:04 IST" name="afterMethodCofiguation" finished-at="2025-04-03T10:37:06 IST" duration-ms="2183" status="PASS">
          <reporter-output>
            <line>
              <![CDATA[Logged out Succwssfully]]>
            </line>
          </reporter-output>
        </test-method> <!-- afterMethodCofiguation -->
        <test-method is-config="true" signature="afterClassConfiguration()[pri:0, instance:ToCreateOrganization.ToCreateOrganizationTest@5ab956d7]" started-at="2025-04-03T10:37:06 IST" name="afterClassConfiguration" finished-at="2025-04-03T10:37:07 IST" duration-ms="275" status="PASS">
          <reporter-output>
            <line>
              <![CDATA[Browser got closed Successfully]]>
            </line>
          </reporter-output>
        </test-method> <!-- afterClassConfiguration -->
      </class> <!-- ToCreateOrganization.ToCreateOrganizationTest -->
      <class name="ToCreateOrganization.ToCreateOrganizationCustomerDropdownTest">
        <test-method is-config="true" signature="beforeSuiteConfiguration()[pri:0, instance:ToCreateOrganization.ToCreateOrganizationCustomerDropdownTest@1e6a3214]" started-at="2025-04-03T10:35:48 IST" name="beforeSuiteConfiguration" finished-at="2025-04-03T10:35:48 IST" duration-ms="17" status="PASS">
          <reporter-output>
            <line>
              <![CDATA[---DataBase connection Estabhlished]]>
            </line>
          </reporter-output>
        </test-method> <!-- beforeSuiteConfiguration -->
        <test-method is-config="true" signature="beforeClassConfiguration()[pri:0, instance:ToCreateOrganization.ToCreateOrganizationCustomerDropdownTest@1e6a3214]" started-at="2025-04-03T10:35:48 IST" name="beforeClassConfiguration" finished-at="2025-04-03T10:35:52 IST" duration-ms="3568" status="PASS">
          <reporter-output>
          </reporter-output>
        </test-method> <!-- beforeClassConfiguration -->
        <test-method is-config="true" signature="beforeMethodConfiguration()[pri:0, instance:ToCreateOrganization.ToCreateOrganizationCustomerDropdownTest@1e6a3214]" started-at="2025-04-03T10:35:52 IST" name="beforeMethodConfiguration" finished-at="2025-04-03T10:35:52 IST" duration-ms="333" status="PASS">
          <reporter-output>
            <line>
              <![CDATA[LOGGED IN SUCCESSFULLY]]>
            </line>
          </reporter-output>
        </test-method> <!-- beforeMethodConfiguration -->
        <test-method signature="ToCreateOrganizationCustomerDropdown_04()[pri:0, instance:ToCreateOrganization.ToCreateOrganizationCustomerDropdownTest@1e6a3214]" started-at="2025-04-03T10:35:52 IST" name="ToCreateOrganizationCustomerDropdown_04" finished-at="2025-04-03T10:36:06 IST" duration-ms="13752" status="PASS">
          <reporter-output>
          </reporter-output>
        </test-method> <!-- ToCreateOrganizationCustomerDropdown_04 -->
        <test-method is-config="true" signature="afterMethodCofiguation()[pri:0, instance:ToCreateOrganization.ToCreateOrganizationCustomerDropdownTest@1e6a3214]" started-at="2025-04-03T10:36:06 IST" name="afterMethodCofiguation" finished-at="2025-04-03T10:36:07 IST" duration-ms="1816" status="PASS">
          <reporter-output>
            <line>
              <![CDATA[Logged out Succwssfully]]>
            </line>
          </reporter-output>
        </test-method> <!-- afterMethodCofiguation -->
        <test-method is-config="true" signature="afterClassConfiguration()[pri:0, instance:ToCreateOrganization.ToCreateOrganizationCustomerDropdownTest@1e6a3214]" started-at="2025-04-03T10:36:08 IST" name="afterClassConfiguration" finished-at="2025-04-03T10:36:08 IST" duration-ms="276" status="PASS">
          <reporter-output>
            <line>
              <![CDATA[Browser got closed Successfully]]>
            </line>
          </reporter-output>
        </test-method> <!-- afterClassConfiguration -->
        <test-method is-config="true" signature="afterSuiteConfiguration()[pri:0, instance:ToCreateOrganization.ToCreateOrganizationCustomerDropdownTest@1e6a3214]" started-at="2025-04-03T10:37:26 IST" name="afterSuiteConfiguration" finished-at="2025-04-03T10:37:26 IST" duration-ms="0" status="PASS">
          <reporter-output>
            <line>
              <![CDATA[DataBase Connection Disconnected]]>
            </line>
          </reporter-output>
        </test-method> <!-- afterSuiteConfiguration -->
      </class> <!-- ToCreateOrganization.ToCreateOrganizationCustomerDropdownTest -->
      <class name="ToCreateOrganization.ToCreateOrganizationChemicalIndustryDropDownTest">
        <test-method is-config="true" signature="beforeClassConfiguration()[pri:0, instance:ToCreateOrganization.ToCreateOrganizationChemicalIndustryDropDownTest@3646a422]" started-at="2025-04-03T10:37:07 IST" name="beforeClassConfiguration" finished-at="2025-04-03T10:37:09 IST" duration-ms="2595" status="PASS">
          <reporter-output>
          </reporter-output>
        </test-method> <!-- beforeClassConfiguration -->
        <test-method is-config="true" signature="beforeMethodConfiguration()[pri:0, instance:ToCreateOrganization.ToCreateOrganizationChemicalIndustryDropDownTest@3646a422]" started-at="2025-04-03T10:37:09 IST" name="beforeMethodConfiguration" finished-at="2025-04-03T10:37:10 IST" duration-ms="251" status="PASS">
          <reporter-output>
            <line>
              <![CDATA[LOGGED IN SUCCESSFULLY]]>
            </line>
          </reporter-output>
        </test-method> <!-- beforeMethodConfiguration -->
        <test-method signature="ToCreateOrganizationChemicalIndustryDropDown_003()[pri:0, instance:ToCreateOrganization.ToCreateOrganizationChemicalIndustryDropDownTest@3646a422]" started-at="2025-04-03T10:37:10 IST" name="ToCreateOrganizationChemicalIndustryDropDown_003" finished-at="2025-04-03T10:37:24 IST" duration-ms="14118" status="PASS">
          <reporter-output>
          </reporter-output>
        </test-method> <!-- ToCreateOrganizationChemicalIndustryDropDown_003 -->
        <test-method is-config="true" signature="afterMethodCofiguation()[pri:0, instance:ToCreateOrganization.ToCreateOrganizationChemicalIndustryDropDownTest@3646a422]" started-at="2025-04-03T10:37:24 IST" name="afterMethodCofiguation" finished-at="2025-04-03T10:37:25 IST" duration-ms="1409" status="PASS">
          <reporter-output>
            <line>
              <![CDATA[Logged out Succwssfully]]>
            </line>
          </reporter-output>
        </test-method> <!-- afterMethodCofiguation -->
        <test-method is-config="true" signature="afterClassConfiguration()[pri:0, instance:ToCreateOrganization.ToCreateOrganizationChemicalIndustryDropDownTest@3646a422]" started-at="2025-04-03T10:37:25 IST" name="afterClassConfiguration" finished-at="2025-04-03T10:37:25 IST" duration-ms="304" status="PASS">
          <reporter-output>
            <line>
              <![CDATA[Browser got closed Successfully]]>
            </line>
          </reporter-output>
        </test-method> <!-- afterClassConfiguration -->
      </class> <!-- ToCreateOrganization.ToCreateOrganizationChemicalIndustryDropDownTest -->
    </test> <!-- Test -->
  </suite> <!-- Suite -->
</testng-results>
